<?xml version="1.0" encoding="UTF-8"?>
<!-- Generated by org.testng.reporters.JUnitXMLReporter -->
<testsuite ignored="0" hostname="DESKTOP-IRDI2KI" failures="1" tests="1" name="Test4" time="25.387" errors="0" timestamp="2023-09-04T21:10:58 IST">
  <testcase classname="com.obsqura.tests.CreateandDeleteExpense" name="MyCreateDeleteExpense" time="11.531">
    <failure type="java.lang.AssertionError" message="null">
      <![CDATA[java.lang.AssertionError: null
at com.obsqura.tests.CreateandDeleteExpense.MyCreateDeleteExpense(CreateandDeleteExpense.java:26)
at java.base/java.util.ArrayList.forEach(ArrayList.java:1511)
at java.base/java.util.concurrent.FutureTask.run(FutureTask.java:317)
at java.base/java.util.concurrent.ThreadPoolExecutor.runWorker(ThreadPoolExecutor.java:1144)
at java.base/java.util.concurrent.ThreadPoolExecutor$Worker.run(ThreadPoolExecutor.java:642)
at java.base/java.lang.Thread.run(Thread.java:1623)
... Removed 17 stack frames]]>
    </failure>
  </testcase> <!-- MyCreateDeleteExpense -->
</testsuite> <!-- Test4 -->
