<?xml version="1.0" encoding="UTF-8"?>
<testng-results ignored="0" total="4" passed="4" failed="0" skipped="0">
  <reporter-output>
  </reporter-output>
  <suite started-at="2023-08-31T21:04:55 IST" name="Suite" finished-at="2023-08-31T21:05:20 IST" duration-ms="25598">
    <groups>
    </groups>
    <test started-at="2023-08-31T21:04:55 IST" name="Test1" finished-at="2023-08-31T21:05:13 IST" duration-ms="18873">
      <class name="com.obsqura.tests.LoginTest">
        <test-method is-config="true" signature="InitializeDriver(java.lang.String)[pri:0, instance:com.obsqura.tests.LoginTest@8519cb4]" started-at="2023-08-31T21:04:55 IST" name="InitializeDriver" finished-at="2023-08-31T21:05:07 IST" duration-ms="12887" status="PASS">
          <params>
            <param index="0">
              <value>
                <![CDATA[Chrome]]>
              </value>
            </param>
          </params>
          <reporter-output>
          </reporter-output>
        </test-method> <!-- InitializeDriver -->
        <test-method signature="MyLoginTest()[pri:0, instance:com.obsqura.tests.LoginTest@8519cb4]" started-at="2023-08-31T21:05:07 IST" name="MyLoginTest" finished-at="2023-08-31T21:05:12 IST" duration-ms="4883" status="PASS">
          <reporter-output>
          </reporter-output>
        </test-method> <!-- MyLoginTest -->
        <test-method is-config="true" signature="TearDown()[pri:0, instance:com.obsqura.tests.LoginTest@8519cb4]" started-at="2023-08-31T21:05:12 IST" name="TearDown" finished-at="2023-08-31T21:05:13 IST" duration-ms="944" status="PASS">
          <reporter-output>
          </reporter-output>
        </test-method> <!-- TearDown -->
      </class> <!-- com.obsqura.tests.LoginTest -->
    </test> <!-- Test1 -->
    <test started-at="2023-08-31T21:04:55 IST" name="Test2" finished-at="2023-08-31T21:05:19 IST" duration-ms="24171">
      <class name="com.obsqura.tests.SearchProductTest">
        <test-method is-config="true" signature="InitializeDriver(java.lang.String)[pri:0, instance:com.obsqura.tests.SearchProductTest@8462f31]" started-at="2023-08-31T21:04:55 IST" name="InitializeDriver" finished-at="2023-08-31T21:05:08 IST" duration-ms="13344" status="PASS">
          <params>
            <param index="0">
              <value>
                <![CDATA[Edge]]>
              </value>
            </param>
          </params>
          <reporter-output>
          </reporter-output>
        </test-method> <!-- InitializeDriver -->
        <test-method signature="MySearchProductTest()[pri:0, instance:com.obsqura.tests.SearchProductTest@8462f31]" started-at="2023-08-31T21:05:08 IST" name="MySearchProductTest" finished-at="2023-08-31T21:05:18 IST" duration-ms="9867" status="PASS">
          <reporter-output>
          </reporter-output>
        </test-method> <!-- MySearchProductTest -->
        <test-method is-config="true" signature="TearDown()[pri:0, instance:com.obsqura.tests.SearchProductTest@8462f31]" started-at="2023-08-31T21:05:18 IST" name="TearDown" finished-at="2023-08-31T21:05:19 IST" duration-ms="886" status="PASS">
          <reporter-output>
          </reporter-output>
        </test-method> <!-- TearDown -->
      </class> <!-- com.obsqura.tests.SearchProductTest -->
    </test> <!-- Test2 -->
    <test started-at="2023-08-31T21:04:55 IST" name="Test3" finished-at="2023-08-31T21:05:19 IST" duration-ms="24243">
      <class name="com.obsqura.tests.CreateDeliveryBoy">
        <test-method is-config="true" signature="InitializeDriver(java.lang.String)[pri:0, instance:com.obsqura.tests.CreateDeliveryBoy@496bc455]" started-at="2023-08-31T21:04:55 IST" name="InitializeDriver" finished-at="2023-08-31T21:05:07 IST" duration-ms="12631" status="PASS">
          <params>
            <param index="0">
              <value>
                <![CDATA[Chrome]]>
              </value>
            </param>
          </params>
          <reporter-output>
          </reporter-output>
        </test-method> <!-- InitializeDriver -->
        <test-method signature="CreateDeliveryBoyTest()[pri:0, instance:com.obsqura.tests.CreateDeliveryBoy@496bc455]" started-at="2023-08-31T21:05:07 IST" name="CreateDeliveryBoyTest" finished-at="2023-08-31T21:05:18 IST" duration-ms="10926" status="PASS">
          <reporter-output>
          </reporter-output>
        </test-method> <!-- CreateDeliveryBoyTest -->
        <test-method is-config="true" signature="TearDown()[pri:0, instance:com.obsqura.tests.CreateDeliveryBoy@496bc455]" started-at="2023-08-31T21:05:18 IST" name="TearDown" finished-at="2023-08-31T21:05:19 IST" duration-ms="426" status="PASS">
          <reporter-output>
          </reporter-output>
        </test-method> <!-- TearDown -->
      </class> <!-- com.obsqura.tests.CreateDeliveryBoy -->
    </test> <!-- Test3 -->
    <test started-at="2023-08-31T21:04:55 IST" name="Test4" finished-at="2023-08-31T21:05:20 IST" duration-ms="25598">
      <class name="com.obsqura.tests.CreateandDeleteExpense">
        <test-method is-config="true" signature="InitializeDriver(java.lang.String)[pri:0, instance:com.obsqura.tests.CreateandDeleteExpense@247310d0]" started-at="2023-08-31T21:04:55 IST" name="InitializeDriver" finished-at="2023-08-31T21:05:08 IST" duration-ms="13764" status="PASS">
          <params>
            <param index="0">
              <value>
                <![CDATA[Edge]]>
              </value>
            </param>
          </params>
          <reporter-output>
          </reporter-output>
        </test-method> <!-- InitializeDriver -->
        <test-method signature="MyCreateDeleteExpense()[pri:0, instance:com.obsqura.tests.CreateandDeleteExpense@247310d0]" started-at="2023-08-31T21:05:08 IST" name="MyCreateDeleteExpense" finished-at="2023-08-31T21:05:20 IST" duration-ms="11327" status="PASS">
          <reporter-output>
          </reporter-output>
        </test-method> <!-- MyCreateDeleteExpense -->
        <test-method is-config="true" signature="TearDown()[pri:0, instance:com.obsqura.tests.CreateandDeleteExpense@247310d0]" started-at="2023-08-31T21:05:20 IST" name="TearDown" finished-at="2023-08-31T21:05:20 IST" duration-ms="426" status="PASS">
          <reporter-output>
          </reporter-output>
        </test-method> <!-- TearDown -->
      </class> <!-- com.obsqura.tests.CreateandDeleteExpense -->
    </test> <!-- Test4 -->
  </suite> <!-- Suite -->
</testng-results>
