-------------------------------------------------------------------------------
Test set: TestSuite
-------------------------------------------------------------------------------
Tests run: 3, Failures: 1, Errors: 0, Skipped: 0, Time elapsed: 27.143 s <<< FAILURE! - in TestSuite
MyCreateDeleteExpense(com.obsqura.tests.CreateandDeleteExpense)  Time elapsed: 11.729 s  <<< FAILURE!
java.lang.AssertionError: null
	at com.obsqura.tests.CreateandDeleteExpense.MyCreateDeleteExpense(CreateandDeleteExpense.java:26)

