<?xml version="1.0" encoding="UTF-8"?>
<testng-results ignored="0" total="4" passed="4" failed="0" skipped="0">
  <reporter-output>
  </reporter-output>
  <suite started-at="2023-09-06T23:26:34 IST" name="Suite" finished-at="2023-09-06T23:26:46 IST" duration-ms="11805">
    <groups>
    </groups>
    <test started-at="2023-09-06T23:26:34 IST" name="Test1" finished-at="2023-09-06T23:26:42 IST" duration-ms="8586">
      <class name="com.obsqura.tests.LoginTest">
        <test-method is-config="true" signature="InitializeDriver()[pri:0, instance:com.obsqura.tests.LoginTest@563f38c4]" started-at="2023-09-06T23:26:34 IST" name="InitializeDriver" finished-at="2023-09-06T23:26:40 IST" duration-ms="6143" status="PASS">
          <reporter-output>
          </reporter-output>
        </test-method> <!-- InitializeDriver -->
        <test-method signature="MyLoginTest()[pri:0, instance:com.obsqura.tests.LoginTest@563f38c4]" started-at="2023-09-06T23:26:40 IST" name="MyLoginTest" finished-at="2023-09-06T23:26:42 IST" duration-ms="1754" status="PASS">
          <reporter-output>
          </reporter-output>
        </test-method> <!-- MyLoginTest -->
        <test-method is-config="true" signature="TearDown()[pri:0, instance:com.obsqura.tests.LoginTest@563f38c4]" started-at="2023-09-06T23:26:42 IST" name="TearDown" finished-at="2023-09-06T23:26:42 IST" duration-ms="602" status="PASS">
          <reporter-output>
          </reporter-output>
        </test-method> <!-- TearDown -->
      </class> <!-- com.obsqura.tests.LoginTest -->
    </test> <!-- Test1 -->
    <test started-at="2023-09-06T23:26:34 IST" name="Test2" finished-at="2023-09-06T23:26:45 IST" duration-ms="10816">
      <class name="com.obsqura.tests.SearchProductTest">
        <test-method is-config="true" signature="InitializeDriver()[pri:0, instance:com.obsqura.tests.SearchProductTest@8462f31]" started-at="2023-09-06T23:26:34 IST" name="InitializeDriver" finished-at="2023-09-06T23:26:40 IST" duration-ms="6464" status="PASS">
          <reporter-output>
          </reporter-output>
        </test-method> <!-- InitializeDriver -->
        <test-method signature="MySearchProductTest()[pri:0, instance:com.obsqura.tests.SearchProductTest@8462f31]" started-at="2023-09-06T23:26:40 IST" name="MySearchProductTest" finished-at="2023-09-06T23:26:44 IST" duration-ms="4080" status="PASS">
          <reporter-output>
          </reporter-output>
        </test-method> <!-- MySearchProductTest -->
        <test-method is-config="true" signature="TearDown()[pri:0, instance:com.obsqura.tests.SearchProductTest@8462f31]" started-at="2023-09-06T23:26:44 IST" name="TearDown" finished-at="2023-09-06T23:26:45 IST" duration-ms="210" status="PASS">
          <reporter-output>
          </reporter-output>
        </test-method> <!-- TearDown -->
      </class> <!-- com.obsqura.tests.SearchProductTest -->
    </test> <!-- Test2 -->
    <test started-at="2023-09-06T23:26:34 IST" name="Test3" finished-at="2023-09-06T23:26:45 IST" duration-ms="11197">
      <class name="com.obsqura.tests.CreateDeliveryBoy">
        <test-method is-config="true" signature="InitializeDriver()[pri:0, instance:com.obsqura.tests.CreateDeliveryBoy@496bc455]" started-at="2023-09-06T23:26:34 IST" name="InitializeDriver" finished-at="2023-09-06T23:26:40 IST" duration-ms="6122" status="PASS">
          <reporter-output>
          </reporter-output>
        </test-method> <!-- InitializeDriver -->
        <test-method signature="CreateDeliveryBoyTest()[pri:0, instance:com.obsqura.tests.CreateDeliveryBoy@496bc455]" started-at="2023-09-06T23:26:40 IST" name="CreateDeliveryBoyTest" finished-at="2023-09-06T23:26:45 IST" duration-ms="4832" status="PASS">
          <reporter-output>
          </reporter-output>
        </test-method> <!-- CreateDeliveryBoyTest -->
        <test-method is-config="true" signature="TearDown()[pri:0, instance:com.obsqura.tests.CreateDeliveryBoy@496bc455]" started-at="2023-09-06T23:26:45 IST" name="TearDown" finished-at="2023-09-06T23:26:45 IST" duration-ms="178" status="PASS">
          <reporter-output>
          </reporter-output>
        </test-method> <!-- TearDown -->
      </class> <!-- com.obsqura.tests.CreateDeliveryBoy -->
    </test> <!-- Test3 -->
    <test started-at="2023-09-06T23:26:34 IST" name="Test4" finished-at="2023-09-06T23:26:46 IST" duration-ms="11805">
      <class name="com.obsqura.tests.CreateandDeleteExpense">
        <test-method is-config="true" signature="InitializeDriver()[pri:0, instance:com.obsqura.tests.CreateandDeleteExpense@247310d0]" started-at="2023-09-06T23:26:34 IST" name="InitializeDriver" finished-at="2023-09-06T23:26:40 IST" duration-ms="6328" status="PASS">
          <reporter-output>
          </reporter-output>
        </test-method> <!-- InitializeDriver -->
        <test-method signature="MyCreateDeleteExpense()[pri:0, instance:com.obsqura.tests.CreateandDeleteExpense@247310d0]" started-at="2023-09-06T23:26:40 IST" name="MyCreateDeleteExpense" finished-at="2023-09-06T23:26:45 IST" duration-ms="5298" status="PASS">
          <reporter-output>
          </reporter-output>
        </test-method> <!-- MyCreateDeleteExpense -->
        <test-method is-config="true" signature="TearDown()[pri:0, instance:com.obsqura.tests.CreateandDeleteExpense@247310d0]" started-at="2023-09-06T23:26:45 IST" name="TearDown" finished-at="2023-09-06T23:26:46 IST" duration-ms="122" status="PASS">
          <reporter-output>
          </reporter-output>
        </test-method> <!-- TearDown -->
      </class> <!-- com.obsqura.tests.CreateandDeleteExpense -->
    </test> <!-- Test4 -->
  </suite> <!-- Suite -->
</testng-results>
