<?xml version="1.0" encoding="UTF-8"?>
<testng-results ignored="0" total="2" passed="2" failed="0" skipped="0">
  <reporter-output>
  </reporter-output>
  <suite started-at="2023-09-01T21:04:35 IST" name="Suite" finished-at="2023-09-01T21:04:55 IST" duration-ms="20084">
    <groups>
    </groups>
    <test started-at="2023-09-01T21:04:35 IST" name="Test1" finished-at="2023-09-01T21:04:52 IST" duration-ms="17129">
      <class name="com.obsqura.tests.LoginTest">
        <test-method is-config="true" signature="InitializeDriver()[pri:0, instance:com.obsqura.tests.LoginTest@6cd24612]" started-at="2023-09-01T21:04:35 IST" name="InitializeDriver" finished-at="2023-09-01T21:04:48 IST" duration-ms="12399" status="PASS">
          <reporter-output>
          </reporter-output>
        </test-method> <!-- InitializeDriver -->
        <test-method signature="MyLoginTest()[pri:0, instance:com.obsqura.tests.LoginTest@6cd24612]" started-at="2023-09-01T21:04:48 IST" name="MyLoginTest" finished-at="2023-09-01T21:04:51 IST" duration-ms="3223" status="PASS">
          <reporter-output>
          </reporter-output>
        </test-method> <!-- MyLoginTest -->
        <test-method is-config="true" signature="TearDown()[pri:0, instance:com.obsqura.tests.LoginTest@6cd24612]" started-at="2023-09-01T21:04:51 IST" name="TearDown" finished-at="2023-09-01T21:04:52 IST" duration-ms="1328" status="PASS">
          <reporter-output>
          </reporter-output>
        </test-method> <!-- TearDown -->
      </class> <!-- com.obsqura.tests.LoginTest -->
    </test> <!-- Test1 -->
    <test started-at="2023-09-01T21:04:35 IST" name="Test2" finished-at="2023-09-01T21:04:55 IST" duration-ms="20084">
      <class name="com.obsqura.tests.SearchProductTest">
        <test-method is-config="true" signature="InitializeDriver()[pri:0, instance:com.obsqura.tests.SearchProductTest@22f59fa]" started-at="2023-09-01T21:04:35 IST" name="InitializeDriver" finished-at="2023-09-01T21:04:48 IST" duration-ms="12870" status="PASS">
          <reporter-output>
          </reporter-output>
        </test-method> <!-- InitializeDriver -->
        <test-method signature="MySearchProductTest()[pri:0, instance:com.obsqura.tests.SearchProductTest@22f59fa]" started-at="2023-09-01T21:04:48 IST" name="MySearchProductTest" finished-at="2023-09-01T21:04:55 IST" duration-ms="6799" status="PASS">
          <reporter-output>
          </reporter-output>
        </test-method> <!-- MySearchProductTest -->
        <test-method is-config="true" signature="TearDown()[pri:0, instance:com.obsqura.tests.SearchProductTest@22f59fa]" started-at="2023-09-01T21:04:55 IST" name="TearDown" finished-at="2023-09-01T21:04:55 IST" duration-ms="307" status="PASS">
          <reporter-output>
          </reporter-output>
        </test-method> <!-- TearDown -->
      </class> <!-- com.obsqura.tests.SearchProductTest -->
    </test> <!-- Test2 -->
  </suite> <!-- Suite -->
</testng-results>
