<?xml version="1.0" encoding="UTF-8"?>
<testng-results ignored="0" total="4" passed="4" failed="0" skipped="0">
  <reporter-output>
  </reporter-output>
  <suite started-at="2023-09-06T23:25:52 IST" name="Suite" finished-at="2023-09-06T23:26:07 IST" duration-ms="14809">
    <groups>
    </groups>
    <test started-at="2023-09-06T23:25:52 IST" name="Test1" finished-at="2023-09-06T23:26:03 IST" duration-ms="10934">
      <class name="com.obsqura.tests.LoginTest">
        <test-method is-config="true" signature="InitializeDriver()[pri:0, instance:com.obsqura.tests.LoginTest@6cd24612]" started-at="2023-09-06T23:25:53 IST" name="InitializeDriver" finished-at="2023-09-06T23:26:01 IST" duration-ms="8747" status="PASS">
          <reporter-output>
          </reporter-output>
        </test-method> <!-- InitializeDriver -->
        <test-method signature="MyLoginTest()[pri:0, instance:com.obsqura.tests.LoginTest@6cd24612]" started-at="2023-09-06T23:26:01 IST" name="MyLoginTest" finished-at="2023-09-06T23:26:03 IST" duration-ms="1732" status="PASS">
          <reporter-output>
          </reporter-output>
        </test-method> <!-- MyLoginTest -->
        <test-method is-config="true" signature="TearDown()[pri:0, instance:com.obsqura.tests.LoginTest@6cd24612]" started-at="2023-09-06T23:26:03 IST" name="TearDown" finished-at="2023-09-06T23:26:03 IST" duration-ms="371" status="PASS">
          <reporter-output>
          </reporter-output>
        </test-method> <!-- TearDown -->
      </class> <!-- com.obsqura.tests.LoginTest -->
    </test> <!-- Test1 -->
    <test started-at="2023-09-06T23:25:52 IST" name="Test2" finished-at="2023-09-06T23:26:06 IST" duration-ms="13451">
      <class name="com.obsqura.tests.SearchProductTest">
        <test-method is-config="true" signature="InitializeDriver()[pri:0, instance:com.obsqura.tests.SearchProductTest@22f59fa]" started-at="2023-09-06T23:25:53 IST" name="InitializeDriver" finished-at="2023-09-06T23:26:02 IST" duration-ms="9346" status="PASS">
          <reporter-output>
          </reporter-output>
        </test-method> <!-- InitializeDriver -->
        <test-method signature="MySearchProductTest()[pri:0, instance:com.obsqura.tests.SearchProductTest@22f59fa]" started-at="2023-09-06T23:26:02 IST" name="MySearchProductTest" finished-at="2023-09-06T23:26:06 IST" duration-ms="3877" status="PASS">
          <reporter-output>
          </reporter-output>
        </test-method> <!-- MySearchProductTest -->
        <test-method is-config="true" signature="TearDown()[pri:0, instance:com.obsqura.tests.SearchProductTest@22f59fa]" started-at="2023-09-06T23:26:06 IST" name="TearDown" finished-at="2023-09-06T23:26:06 IST" duration-ms="180" status="PASS">
          <reporter-output>
          </reporter-output>
        </test-method> <!-- TearDown -->
      </class> <!-- com.obsqura.tests.SearchProductTest -->
    </test> <!-- Test2 -->
    <test started-at="2023-09-06T23:25:52 IST" name="Test3" finished-at="2023-09-06T23:26:06 IST" duration-ms="13821">
      <class name="com.obsqura.tests.CreateDeliveryBoy">
        <test-method is-config="true" signature="InitializeDriver()[pri:0, instance:com.obsqura.tests.CreateDeliveryBoy@2c78324b]" started-at="2023-09-06T23:25:53 IST" name="InitializeDriver" finished-at="2023-09-06T23:26:02 IST" duration-ms="9298" status="PASS">
          <reporter-output>
          </reporter-output>
        </test-method> <!-- InitializeDriver -->
        <test-method signature="CreateDeliveryBoyTest()[pri:0, instance:com.obsqura.tests.CreateDeliveryBoy@2c78324b]" started-at="2023-09-06T23:26:02 IST" name="CreateDeliveryBoyTest" finished-at="2023-09-06T23:26:06 IST" duration-ms="4291" status="PASS">
          <reporter-output>
          </reporter-output>
        </test-method> <!-- CreateDeliveryBoyTest -->
        <test-method is-config="true" signature="TearDown()[pri:0, instance:com.obsqura.tests.CreateDeliveryBoy@2c78324b]" started-at="2023-09-06T23:26:06 IST" name="TearDown" finished-at="2023-09-06T23:26:06 IST" duration-ms="185" status="PASS">
          <reporter-output>
          </reporter-output>
        </test-method> <!-- TearDown -->
      </class> <!-- com.obsqura.tests.CreateDeliveryBoy -->
    </test> <!-- Test3 -->
    <test started-at="2023-09-06T23:25:52 IST" name="Test4" finished-at="2023-09-06T23:26:07 IST" duration-ms="14809">
      <class name="com.obsqura.tests.CreateandDeleteExpense">
        <test-method is-config="true" signature="InitializeDriver()[pri:0, instance:com.obsqura.tests.CreateandDeleteExpense@5852c06f]" started-at="2023-09-06T23:25:53 IST" name="InitializeDriver" finished-at="2023-09-06T23:26:02 IST" duration-ms="9322" status="PASS">
          <reporter-output>
          </reporter-output>
        </test-method> <!-- InitializeDriver -->
        <test-method signature="MyCreateDeleteExpense()[pri:0, instance:com.obsqura.tests.CreateandDeleteExpense@5852c06f]" started-at="2023-09-06T23:26:02 IST" name="MyCreateDeleteExpense" finished-at="2023-09-06T23:26:07 IST" duration-ms="5294" status="PASS">
          <reporter-output>
          </reporter-output>
        </test-method> <!-- MyCreateDeleteExpense -->
        <test-method is-config="true" signature="TearDown()[pri:0, instance:com.obsqura.tests.CreateandDeleteExpense@5852c06f]" started-at="2023-09-06T23:26:07 IST" name="TearDown" finished-at="2023-09-06T23:26:07 IST" duration-ms="150" status="PASS">
          <reporter-output>
          </reporter-output>
        </test-method> <!-- TearDown -->
      </class> <!-- com.obsqura.tests.CreateandDeleteExpense -->
    </test> <!-- Test4 -->
  </suite> <!-- Suite -->
</testng-results>
